SF:lib/models/parking_spot.dart
DA:6,6
DA:12,1
DA:13,1
DA:14,1
DA:15,1
DA:16,1
DA:20,1
DA:21,1
DA:22,1
DA:23,2
DA:24,1
DA:28,1
DA:33,1
DA:34,1
DA:35,1
DA:36,1
LF:16
LH:16
end_of_record
SF:lib/models/vehicle.dart
DA:10,8
DA:20,1
DA:21,1
DA:22,1
DA:23,1
DA:24,1
DA:25,1
DA:26,2
DA:27,2
DA:28,1
DA:32,1
DA:33,1
DA:34,1
DA:35,1
DA:36,1
DA:37,1
DA:38,2
DA:40,3
DA:41,1
DA:45,1
DA:54,1
DA:55,1
DA:56,1
DA:57,1
DA:58,1
DA:59,1
DA:60,1
DA:61,1
LF:28
LH:28
end_of_record
SF:lib/services/pdf_service.dart
DA:13,1
DA:16,1
DA:17,2
DA:18,2
DA:19,2
DA:22,1
DA:23,1
DA:24,1
DA:26,1
DA:27,1
DA:30,2
DA:31,1
DA:32,1
DA:33,1
DA:34,1
DA:36,2
DA:40,1
DA:43,1
DA:44,1
DA:46,1
DA:47,1
DA:49,1
DA:51,1
DA:52,1
DA:54,1
DA:56,1
DA:57,1
DA:58,4
DA:59,1
DA:61,1
DA:66,1
DA:71,1
DA:72,1
DA:73,1
DA:80,1
DA:82,1
DA:84,1
DA:85,1
DA:86,1
DA:87,1
DA:88,1
DA:89,1
DA:93,1
DA:94,2
DA:95,1
DA:96,3
DA:97,2
DA:98,3
DA:99,3
DA:100,1
DA:101,1
DA:102,2
DA:113,1
DA:118,1
DA:120,1
DA:122,1
DA:131,1
DA:136,4
DA:137,4
DA:139,1
DA:141,1
DA:142,1
DA:145,1
DA:147,1
DA:148,1
DA:150,1
DA:152,1
DA:153,1
DA:155,1
DA:156,2
DA:157,4
DA:160,1
DA:161,1
DA:163,1
DA:164,2
DA:165,3
DA:168,1
DA:169,1
DA:171,1
DA:172,2
DA:173,3
DA:181,1
DA:182,1
DA:185,1
DA:186,3
DA:187,1
DA:192,1
DA:193,2
DA:196,0
DA:197,0
DA:198,0
DA:199,0
DA:201,0
DA:205,0
DA:206,0
DA:207,0
DA:209,0
DA:210,0
DA:211,0
DA:215,1
DA:216,1
DA:217,2
DA:218,2
DA:219,2
DA:222,1
DA:223,1
DA:224,1
DA:226,1
DA:227,1
DA:230,2
DA:231,1
DA:232,1
DA:233,1
DA:234,1
DA:236,2
DA:240,1
DA:243,1
DA:244,1
DA:246,1
DA:247,1
DA:249,1
DA:251,1
DA:252,1
DA:254,1
DA:256,1
DA:257,1
DA:258,4
DA:259,1
DA:261,1
DA:266,1
DA:270,1
DA:271,0
DA:274,1
DA:275,2
DA:278,1
DA:279,1
LF:136
LH:124
end_of_record
SF:lib/services/database_service.dart
DA:7,3
DA:10,1
DA:11,1
DA:14,1
DA:16,0
DA:18,0
DA:22,0
DA:23,0
DA:24,0
DA:27,0
DA:28,0
DA:40,0
DA:49,0
DA:50,0
DA:58,0
DA:59,0
DA:60,0
DA:61,0
DA:64,0
DA:65,0
DA:66,0
DA:70,0
DA:73,0
DA:74,0
DA:75,0
DA:79,0
DA:82,0
DA:83,0
DA:84,0
DA:85,0
DA:86,0
DA:88,0
DA:90,0
DA:95,0
DA:96,0
DA:97,0
DA:98,0
DA:101,0
DA:103,0
DA:104,0
DA:105,0
DA:107,0
DA:109,0
DA:111,0
DA:113,0
DA:115,0
DA:121,0
DA:122,0
DA:123,0
DA:125,0
DA:128,0
LF:51
LH:4
end_of_record
SF:lib/viewmodels/parking_viewmodel.dart
DA:19,2
DA:20,2
DA:21,2
DA:22,2
DA:23,2
DA:26,1
DA:29,0
DA:31,0
DA:36,0
DA:37,0
DA:38,0
DA:39,0
DA:43,1
DA:44,1
DA:46,3
DA:47,1
DA:48,1
DA:50,3
DA:52,1
DA:57,1
DA:58,1
DA:60,2
DA:61,0
DA:62,0
DA:64,3
DA:66,1
DA:71,1
DA:72,1
DA:74,2
DA:75,0
DA:76,0
DA:78,3
DA:80,1
DA:85,1
DA:91,1
DA:94,2
DA:95,0
DA:96,2
DA:99,0
DA:100,0
DA:104,0
DA:105,0
DA:109,0
DA:114,0
DA:117,0
DA:118,0
DA:121,3
DA:124,1
DA:129,1
DA:130,1
DA:132,3
DA:135,0
DA:136,0
DA:139,3
DA:142,1
DA:147,1
DA:148,1
DA:149,1
DA:153,1
DA:154,3
DA:157,0
DA:158,0
DA:161,0
DA:163,0
DA:170,0
DA:172,0
DA:173,0
DA:181,1
DA:182,1
DA:184,2
DA:187,0
DA:188,0
DA:191,3
DA:194,1
LF:74
LH:44
end_of_record
SF:lib/widgets/vehicle_history_dialog.dart
DA:10,7
DA:12,2
DA:14,2
DA:16,2
DA:17,2
DA:19,2
DA:21,2
DA:22,8
DA:23,8
DA:25,2
DA:26,6
DA:27,2
DA:30,4
DA:31,2
DA:32,2
DA:34,2
DA:37,1
DA:38,1
DA:40,2
DA:41,1
DA:42,2
DA:43,1
DA:45,1
DA:51,1
DA:54,1
DA:56,3
DA:57,1
DA:59,2
DA:60,1
DA:61,1
DA:64,3
DA:65,3
DA:69,1
DA:71,1
DA:72,1
DA:75,2
DA:79,1
DA:82,2
DA:84,1
DA:86,0
DA:89,0
DA:92,1
DA:93,1
DA:96,2
DA:98,2
DA:100,1
DA:103,2
DA:113,2
DA:114,2
DA:115,0
DA:116,4
DA:118,4
DA:119,1
DA:121,2
DA:122,0
DA:123,0
DA:130,1
DA:136,1
DA:138,1
DA:139,1
DA:141,1
DA:143,3
DA:146,1
DA:148,1
DA:151,1
DA:152,3
DA:153,3
DA:161,1
DA:162,2
LF:69
LH:64
end_of_record
SF:lib/screens/home_screen.dart
DA:13,1
DA:15,1
DA:17,1
DA:18,1
DA:19,1
DA:20,1
DA:21,1
DA:25,1
DA:26,3
DA:29,1
DA:30,1
DA:31,1
DA:32,1
DA:39,2
DA:40,1
DA:41,2
DA:42,1
DA:44,2
DA:45,2
DA:50,1
DA:58,1
DA:59,1
DA:61,1
DA:63,1
DA:64,1
DA:66,1
DA:67,2
DA:68,1
DA:74,1
DA:76,1
DA:79,1
DA:81,1
DA:89,1
DA:91,1
DA:92,2
DA:93,1
DA:99,1
DA:101,1
DA:104,1
DA:106,1
DA:118,1
DA:123,1
DA:124,2
DA:126,1
DA:129,2
DA:131,1
DA:136,1
DA:139,2
DA:141,2
DA:147,1
DA:148,1
DA:149,1
DA:152,2
DA:159,1
DA:160,1
DA:161,1
DA:164,2
LF:57
LH:57
end_of_record
SF:lib/widgets/clear_records_dialog.dart
DA:8,7
DA:10,2
DA:12,2
DA:14,2
DA:15,2
DA:17,2
DA:19,2
DA:21,2
DA:23,2
DA:24,2
DA:25,2
DA:26,4
DA:28,2
DA:29,1
DA:30,1
DA:31,1
DA:33,1
DA:34,1
DA:37,2
DA:38,2
DA:39,1
DA:41,1
DA:43,1
DA:44,1
DA:45,2
DA:46,0
DA:53,2
DA:54,1
DA:55,2
DA:61,2
DA:62,4
LF:31
LH:30
end_of_record
SF:lib/widgets/parking_spot_tile.dart
DA:12,2
DA:19,2
DA:21,2
DA:22,2
DA:23,2
DA:24,2
DA:26,4
DA:27,2
DA:28,2
DA:29,2
DA:30,2
DA:31,4
DA:36,2
DA:39,2
DA:40,2
DA:41,6
DA:42,2
DA:45,4
DA:49,4
DA:51,2
DA:52,2
DA:53,4
DA:54,2
DA:56,2
LF:24
LH:24
end_of_record
SF:lib/widgets/vehicle_entry_dialog.dart
DA:12,2
DA:14,2
DA:15,2
DA:34,2
DA:36,2
DA:37,4
DA:38,2
DA:39,4
DA:40,2
DA:43,2
DA:45,2
DA:47,2
DA:48,4
DA:49,2
DA:50,2
DA:52,8
DA:54,2
DA:56,2
DA:59,2
DA:60,2
DA:61,2
DA:62,2
DA:64,6
DA:67,2
DA:68,2
DA:69,2
DA:71,2
DA:74,6
DA:80,2
DA:81,2
DA:82,2
DA:83,2
DA:84,2
DA:85,2
DA:87,2
DA:88,2
DA:92,4
DA:94,1
DA:95,1
DA:98,1
DA:101,1
DA:106,2
DA:109,2
DA:110,2
DA:116,1
DA:117,1
DA:120,2
DA:122,2
DA:123,2
DA:128,2
DA:130,2
DA:131,2
DA:132,2
DA:134,2
DA:136,4
DA:137,2
DA:139,2
DA:140,2
DA:141,2
DA:143,2
DA:145,6
DA:147,2
DA:149,6
DA:154,2
DA:156,2
DA:158,2
DA:159,6
DA:160,2
DA:161,4
DA:162,0
DA:165,2
DA:166,4
DA:168,2
DA:169,2
DA:170,2
DA:173,2
DA:175,4
DA:180,2
DA:181,2
DA:182,1
DA:184,2
DA:185,1
DA:196,2
DA:197,2
DA:199,2
DA:200,2
DA:201,0
DA:202,2
DA:204,2
DA:206,2
DA:208,4
DA:213,2
DA:214,2
DA:215,2
DA:216,4
DA:227,2
DA:236,2
DA:237,2
DA:238,8
DA:239,2
DA:241,2
DA:242,2
DA:243,2
DA:245,2
DA:247,8
DA:250,10
DA:258,2
DA:260,8
DA:267,1
DA:268,3
DA:269,3
DA:270,2
DA:271,1
DA:272,1
DA:273,1
DA:274,1
DA:275,1
DA:278,2
LF:118
LH:116
end_of_record
SF:lib/widgets/vehicle_exit_dialog.dart
DA:12,2
DA:14,2
DA:15,2
DA:21,2
DA:23,2
DA:25,2
DA:26,2
DA:28,2
DA:30,2
DA:32,2
DA:33,2
DA:36,2
DA:37,6
DA:38,2
DA:40,2
DA:42,2
DA:43,2
DA:44,10
DA:45,2
DA:46,6
DA:49,7
DA:51,1
DA:52,4
DA:53,1
DA:54,3
DA:58,7
DA:60,1
DA:61,4
DA:62,1
DA:63,3
DA:67,2
DA:68,2
DA:69,8
DA:70,2
DA:71,6
DA:74,2
DA:75,2
DA:76,10
DA:77,2
DA:78,6
DA:84,3
DA:86,1
DA:87,1
DA:88,1
DA:96,2
DA:97,2
DA:98,2
DA:99,4
DA:101,2
DA:102,1
DA:103,1
DA:104,3
DA:107,1
DA:108,1
DA:111,1
DA:112,2
DA:113,2
DA:118,2
DA:119,4
DA:126,2
DA:127,4
LF:61
LH:61
end_of_record
